c:\users\tobbe\desktop\godgame\bullet\src\bulletdynamics\bulletdynamics.dir\debug\bulletdynamics.pdb
c:\users\tobbe\desktop\godgame\bullet\src\bulletdynamics\bulletdynamics.dir\debug\btsimulationislandmanagermt.obj
c:\users\tobbe\desktop\godgame\bullet\src\bulletdynamics\bulletdynamics.dir\debug\btdiscretedynamicsworldmt.obj
c:\users\tobbe\desktop\godgame\bullet\src\bulletdynamics\bulletdynamics.dir\debug\btdiscretedynamicsworld.obj
c:\users\tobbe\desktop\godgame\bullet\src\bulletdynamics\bulletdynamics.dir\debug\btuniversalconstraint.obj
c:\users\tobbe\desktop\godgame\bullet\src\bulletdynamics\bulletdynamics.dir\debug\bttypedconstraint.obj
c:\users\tobbe\desktop\godgame\bullet\src\bulletdynamics\bulletdynamics.dir\debug\btsolve2linearconstraint.obj
c:\users\tobbe\desktop\godgame\bullet\src\bulletdynamics\bulletdynamics.dir\debug\btsliderconstraint.obj
c:\users\tobbe\desktop\godgame\bullet\src\bulletdynamics\bulletdynamics.dir\debug\btnncgconstraintsolver.obj
c:\users\tobbe\desktop\godgame\bullet\src\bulletdynamics\bulletdynamics.dir\debug\btsequentialimpulseconstraintsolver.obj
c:\users\tobbe\desktop\godgame\bullet\src\bulletdynamics\bulletdynamics.dir\debug\btpoint2pointconstraint.obj
c:\users\tobbe\desktop\godgame\bullet\src\bulletdynamics\bulletdynamics.dir\debug\bthingeconstraint.obj
c:\users\tobbe\desktop\godgame\bullet\src\bulletdynamics\bulletdynamics.dir\debug\bthinge2constraint.obj
c:\users\tobbe\desktop\godgame\bullet\src\bulletdynamics\bulletdynamics.dir\debug\btgeneric6dofspring2constraint.obj
c:\users\tobbe\desktop\godgame\bullet\src\bulletdynamics\bulletdynamics.dir\debug\btgeneric6dofspringconstraint.obj
c:\users\tobbe\desktop\godgame\bullet\src\bulletdynamics\bulletdynamics.dir\debug\btgeneric6dofconstraint.obj
c:\users\tobbe\desktop\godgame\bullet\src\bulletdynamics\bulletdynamics.dir\debug\btgearconstraint.obj
c:\users\tobbe\desktop\godgame\bullet\src\bulletdynamics\bulletdynamics.dir\debug\btfixedconstraint.obj
c:\users\tobbe\desktop\godgame\bullet\src\bulletdynamics\bulletdynamics.dir\debug\btcontactconstraint.obj
c:\users\tobbe\desktop\godgame\bullet\src\bulletdynamics\bulletdynamics.dir\debug\btconetwistconstraint.obj
c:\users\tobbe\desktop\godgame\bullet\src\bulletdynamics\bulletdynamics.dir\debug\btkinematiccharactercontroller.obj
c:\users\tobbe\desktop\godgame\bullet\src\bulletdynamics\bulletdynamics.dir\debug\btlemkealgorithm.obj
c:\users\tobbe\desktop\godgame\bullet\src\bulletdynamics\bulletdynamics.dir\debug\btmlcpsolver.obj
c:\users\tobbe\desktop\godgame\bullet\src\bulletdynamics\bulletdynamics.dir\debug\btdantziglcp.obj
c:\users\tobbe\desktop\godgame\bullet\src\bulletdynamics\bulletdynamics.dir\debug\btmultibodygearconstraint.obj
c:\users\tobbe\desktop\godgame\bullet\src\bulletdynamics\bulletdynamics.dir\debug\btmultibodyjointmotor.obj
c:\users\tobbe\desktop\godgame\bullet\src\bulletdynamics\bulletdynamics.dir\debug\btmultibodysliderconstraint.obj
c:\users\tobbe\desktop\godgame\bullet\src\bulletdynamics\bulletdynamics.dir\debug\btmultibodyfixedconstraint.obj
c:\users\tobbe\desktop\godgame\bullet\src\bulletdynamics\bulletdynamics.dir\debug\btmultibodypoint2point.obj
c:\users\tobbe\desktop\godgame\bullet\src\bulletdynamics\bulletdynamics.dir\debug\btmultibodyconstraint.obj
c:\users\tobbe\desktop\godgame\bullet\src\bulletdynamics\bulletdynamics.dir\debug\btmultibodyjointlimitconstraint.obj
c:\users\tobbe\desktop\godgame\bullet\src\bulletdynamics\bulletdynamics.dir\debug\btmultibodydynamicsworld.obj
c:\users\tobbe\desktop\godgame\bullet\src\bulletdynamics\bulletdynamics.dir\debug\btmultibodyconstraintsolver.obj
c:\users\tobbe\desktop\godgame\bullet\src\bulletdynamics\bulletdynamics.dir\debug\btmultibody.obj
c:\users\tobbe\desktop\godgame\bullet\src\bulletdynamics\bulletdynamics.dir\debug\btwheelinfo.obj
c:\users\tobbe\desktop\godgame\bullet\src\bulletdynamics\bulletdynamics.dir\debug\btraycastvehicle.obj
c:\users\tobbe\desktop\godgame\bullet\src\bulletdynamics\bulletdynamics.dir\debug\btsimpledynamicsworld.obj
c:\users\tobbe\desktop\godgame\bullet\src\bulletdynamics\bulletdynamics.dir\debug\btrigidbody.obj
c:\users\tobbe\desktop\godgame\bullet\lib\debug\bulletdynamics_debug.lib
c:\users\tobbe\desktop\godgame2\godgame2\bullet\src\bulletdynamics\bulletdynamics.dir\debug\btconetwistconstraint.obj
c:\users\tobbe\desktop\godgame2\godgame2\bullet\src\bulletdynamics\bulletdynamics.dir\debug\btcontactconstraint.obj
c:\users\tobbe\desktop\godgame2\godgame2\bullet\src\bulletdynamics\bulletdynamics.dir\debug\btdantziglcp.obj
c:\users\tobbe\desktop\godgame2\godgame2\bullet\src\bulletdynamics\bulletdynamics.dir\debug\btdiscretedynamicsworld.obj
c:\users\tobbe\desktop\godgame2\godgame2\bullet\src\bulletdynamics\bulletdynamics.dir\debug\btdiscretedynamicsworldmt.obj
c:\users\tobbe\desktop\godgame2\godgame2\bullet\src\bulletdynamics\bulletdynamics.dir\debug\btfixedconstraint.obj
c:\users\tobbe\desktop\godgame2\godgame2\bullet\src\bulletdynamics\bulletdynamics.dir\debug\btgearconstraint.obj
c:\users\tobbe\desktop\godgame2\godgame2\bullet\src\bulletdynamics\bulletdynamics.dir\debug\btgeneric6dofconstraint.obj
c:\users\tobbe\desktop\godgame2\godgame2\bullet\src\bulletdynamics\bulletdynamics.dir\debug\btgeneric6dofspring2constraint.obj
c:\users\tobbe\desktop\godgame2\godgame2\bullet\src\bulletdynamics\bulletdynamics.dir\debug\btgeneric6dofspringconstraint.obj
c:\users\tobbe\desktop\godgame2\godgame2\bullet\src\bulletdynamics\bulletdynamics.dir\debug\bthinge2constraint.obj
c:\users\tobbe\desktop\godgame2\godgame2\bullet\src\bulletdynamics\bulletdynamics.dir\debug\bthingeconstraint.obj
c:\users\tobbe\desktop\godgame2\godgame2\bullet\src\bulletdynamics\bulletdynamics.dir\debug\btkinematiccharactercontroller.obj
c:\users\tobbe\desktop\godgame2\godgame2\bullet\src\bulletdynamics\bulletdynamics.dir\debug\btlemkealgorithm.obj
c:\users\tobbe\desktop\godgame2\godgame2\bullet\src\bulletdynamics\bulletdynamics.dir\debug\btmlcpsolver.obj
c:\users\tobbe\desktop\godgame2\godgame2\bullet\src\bulletdynamics\bulletdynamics.dir\debug\btmultibody.obj
c:\users\tobbe\desktop\godgame2\godgame2\bullet\src\bulletdynamics\bulletdynamics.dir\debug\btmultibodyconstraint.obj
c:\users\tobbe\desktop\godgame2\godgame2\bullet\src\bulletdynamics\bulletdynamics.dir\debug\btmultibodyconstraintsolver.obj
c:\users\tobbe\desktop\godgame2\godgame2\bullet\src\bulletdynamics\bulletdynamics.dir\debug\btmultibodydynamicsworld.obj
c:\users\tobbe\desktop\godgame2\godgame2\bullet\src\bulletdynamics\bulletdynamics.dir\debug\btmultibodyfixedconstraint.obj
c:\users\tobbe\desktop\godgame2\godgame2\bullet\src\bulletdynamics\bulletdynamics.dir\debug\btmultibodygearconstraint.obj
c:\users\tobbe\desktop\godgame2\godgame2\bullet\src\bulletdynamics\bulletdynamics.dir\debug\btmultibodyjointlimitconstraint.obj
c:\users\tobbe\desktop\godgame2\godgame2\bullet\src\bulletdynamics\bulletdynamics.dir\debug\btmultibodyjointmotor.obj
c:\users\tobbe\desktop\godgame2\godgame2\bullet\src\bulletdynamics\bulletdynamics.dir\debug\btmultibodypoint2point.obj
c:\users\tobbe\desktop\godgame2\godgame2\bullet\src\bulletdynamics\bulletdynamics.dir\debug\btmultibodysliderconstraint.obj
c:\users\tobbe\desktop\godgame2\godgame2\bullet\src\bulletdynamics\bulletdynamics.dir\debug\btnncgconstraintsolver.obj
c:\users\tobbe\desktop\godgame2\godgame2\bullet\src\bulletdynamics\bulletdynamics.dir\debug\btpoint2pointconstraint.obj
c:\users\tobbe\desktop\godgame2\godgame2\bullet\src\bulletdynamics\bulletdynamics.dir\debug\btraycastvehicle.obj
c:\users\tobbe\desktop\godgame2\godgame2\bullet\src\bulletdynamics\bulletdynamics.dir\debug\btrigidbody.obj
c:\users\tobbe\desktop\godgame2\godgame2\bullet\src\bulletdynamics\bulletdynamics.dir\debug\btsequentialimpulseconstraintsolver.obj
c:\users\tobbe\desktop\godgame2\godgame2\bullet\src\bulletdynamics\bulletdynamics.dir\debug\btsimpledynamicsworld.obj
c:\users\tobbe\desktop\godgame2\godgame2\bullet\src\bulletdynamics\bulletdynamics.dir\debug\btsimulationislandmanagermt.obj
c:\users\tobbe\desktop\godgame2\godgame2\bullet\src\bulletdynamics\bulletdynamics.dir\debug\btsliderconstraint.obj
c:\users\tobbe\desktop\godgame2\godgame2\bullet\src\bulletdynamics\bulletdynamics.dir\debug\btsolve2linearconstraint.obj
c:\users\tobbe\desktop\godgame2\godgame2\bullet\src\bulletdynamics\bulletdynamics.dir\debug\bttypedconstraint.obj
c:\users\tobbe\desktop\godgame2\godgame2\bullet\src\bulletdynamics\bulletdynamics.dir\debug\btuniversalconstraint.obj
c:\users\tobbe\desktop\godgame2\godgame2\bullet\src\bulletdynamics\bulletdynamics.dir\debug\btwheelinfo.obj
c:\users\tobbe\desktop\godgame2\godgame2\bullet\src\bulletdynamics\bulletdynamics.dir\debug\bulletdynamics.pdb
c:\users\tobbe\desktop\godgame2\godgame2\bullet\src\bulletdynamics\bulletdynamics.dir\debug\bulletdynamics.tlog\cl.command.1.tlog
c:\users\tobbe\desktop\godgame2\godgame2\bullet\src\bulletdynamics\bulletdynamics.dir\debug\bulletdynamics.tlog\cl.read.1.tlog
c:\users\tobbe\desktop\godgame2\godgame2\bullet\src\bulletdynamics\bulletdynamics.dir\debug\bulletdynamics.tlog\cl.write.1.tlog
c:\users\tobbe\desktop\godgame2\godgame2\bullet\src\bulletdynamics\bulletdynamics.dir\debug\bulletdynamics.tlog\custombuild.command.1.tlog
c:\users\tobbe\desktop\godgame2\godgame2\bullet\src\bulletdynamics\bulletdynamics.dir\debug\bulletdynamics.tlog\custombuild.read.1.tlog
c:\users\tobbe\desktop\godgame2\godgame2\bullet\src\bulletdynamics\bulletdynamics.dir\debug\bulletdynamics.tlog\custombuild.write.1.tlog
c:\users\tobbe\desktop\godgame2\godgame2\bullet\src\bulletdynamics\bulletdynamics.dir\debug\bulletdynamics.tlog\lib-link.read.1.tlog
c:\users\tobbe\desktop\godgame2\godgame2\bullet\src\bulletdynamics\bulletdynamics.dir\debug\bulletdynamics.tlog\lib-link.write.1.tlog
c:\users\tobbe\desktop\godgame2\godgame2\bullet\src\bulletdynamics\bulletdynamics.dir\debug\bulletdynamics.tlog\lib.command.1.tlog
