c:\users\tobbe\desktop\godgame\bullet\src\linearmath\linearmath.dir\debug\linearmath.pdb
c:\users\tobbe\desktop\godgame\bullet\src\linearmath\linearmath.dir\debug\btvector3.obj
c:\users\tobbe\desktop\godgame\bullet\src\linearmath\linearmath.dir\debug\btthreads.obj
c:\users\tobbe\desktop\godgame\bullet\src\linearmath\linearmath.dir\debug\btserializer64.obj
c:\users\tobbe\desktop\godgame\bullet\src\linearmath\linearmath.dir\debug\btserializer.obj
c:\users\tobbe\desktop\godgame\bullet\src\linearmath\linearmath.dir\debug\btquickprof.obj
c:\users\tobbe\desktop\godgame\bullet\src\linearmath\linearmath.dir\debug\btpolardecomposition.obj
c:\users\tobbe\desktop\godgame\bullet\src\linearmath\linearmath.dir\debug\btgeometryutil.obj
c:\users\tobbe\desktop\godgame\bullet\src\linearmath\linearmath.dir\debug\btconvexhullcomputer.obj
c:\users\tobbe\desktop\godgame\bullet\src\linearmath\linearmath.dir\debug\btconvexhull.obj
c:\users\tobbe\desktop\godgame\bullet\src\linearmath\linearmath.dir\debug\btalignedallocator.obj
c:\users\tobbe\desktop\godgame\bullet\lib\debug\linearmath_debug.lib
c:\users\tobbe\desktop\godgame2\godgame2\bullet\src\linearmath\linearmath.dir\debug\btalignedallocator.obj
c:\users\tobbe\desktop\godgame2\godgame2\bullet\src\linearmath\linearmath.dir\debug\btconvexhull.obj
c:\users\tobbe\desktop\godgame2\godgame2\bullet\src\linearmath\linearmath.dir\debug\btconvexhullcomputer.obj
c:\users\tobbe\desktop\godgame2\godgame2\bullet\src\linearmath\linearmath.dir\debug\btgeometryutil.obj
c:\users\tobbe\desktop\godgame2\godgame2\bullet\src\linearmath\linearmath.dir\debug\btpolardecomposition.obj
c:\users\tobbe\desktop\godgame2\godgame2\bullet\src\linearmath\linearmath.dir\debug\btquickprof.obj
c:\users\tobbe\desktop\godgame2\godgame2\bullet\src\linearmath\linearmath.dir\debug\btserializer.obj
c:\users\tobbe\desktop\godgame2\godgame2\bullet\src\linearmath\linearmath.dir\debug\btserializer64.obj
c:\users\tobbe\desktop\godgame2\godgame2\bullet\src\linearmath\linearmath.dir\debug\btthreads.obj
c:\users\tobbe\desktop\godgame2\godgame2\bullet\src\linearmath\linearmath.dir\debug\btvector3.obj
c:\users\tobbe\desktop\godgame2\godgame2\bullet\src\linearmath\linearmath.dir\debug\linearmath.pdb
c:\users\tobbe\desktop\godgame2\godgame2\bullet\src\linearmath\linearmath.dir\debug\linearmath.tlog\cl.command.1.tlog
c:\users\tobbe\desktop\godgame2\godgame2\bullet\src\linearmath\linearmath.dir\debug\linearmath.tlog\cl.read.1.tlog
c:\users\tobbe\desktop\godgame2\godgame2\bullet\src\linearmath\linearmath.dir\debug\linearmath.tlog\cl.write.1.tlog
c:\users\tobbe\desktop\godgame2\godgame2\bullet\src\linearmath\linearmath.dir\debug\linearmath.tlog\custombuild.command.1.tlog
c:\users\tobbe\desktop\godgame2\godgame2\bullet\src\linearmath\linearmath.dir\debug\linearmath.tlog\custombuild.read.1.tlog
c:\users\tobbe\desktop\godgame2\godgame2\bullet\src\linearmath\linearmath.dir\debug\linearmath.tlog\custombuild.write.1.tlog
c:\users\tobbe\desktop\godgame2\godgame2\bullet\src\linearmath\linearmath.dir\debug\linearmath.tlog\lib-link.read.1.tlog
c:\users\tobbe\desktop\godgame2\godgame2\bullet\src\linearmath\linearmath.dir\debug\linearmath.tlog\lib-link.write.1.tlog
c:\users\tobbe\desktop\godgame2\godgame2\bullet\src\linearmath\linearmath.dir\debug\linearmath.tlog\lib.command.1.tlog
