c:\users\tobbe\desktop\godgame\godgame2\debug\vc140.pdb
c:\users\tobbe\desktop\godgame\godgame2\debug\vc140.idb
c:\users\tobbe\desktop\godgame\godgame2\debug\quickhull.obj
c:\users\tobbe\desktop\godgame\godgame2\debug\baselibrary.obj
c:\users\tobbe\desktop\godgame\godgame2\debug\cube.obj
c:\users\tobbe\desktop\godgame\godgame2\debug\customshape.obj
c:\users\tobbe\desktop\godgame\godgame2\debug\customshapebuilder.obj
c:\users\tobbe\desktop\godgame\godgame2\debug\levelbuilder.obj
c:\users\tobbe\desktop\godgame\godgame2\debug\model.obj
c:\users\tobbe\desktop\godgame\godgame2\debug\modelhandler.obj
c:\users\tobbe\desktop\godgame\godgame2\debug\modelphysicscoordinator.obj
c:\users\tobbe\desktop\godgame\godgame2\debug\physicshandler.obj
c:\users\tobbe\desktop\godgame\godgame2\debug\plane.obj
c:\users\tobbe\desktop\godgame\godgame2\debug\player.obj
c:\users\tobbe\desktop\godgame\godgame2\debug\sphere.obj
c:\users\tobbe\desktop\godgame\godgame2\debug\tinyexpr.obj
c:\users\tobbe\desktop\godgame\debug\godgame2.ilk
c:\users\tobbe\desktop\godgame\debug\godgame2.exe
c:\users\tobbe\desktop\godgame\debug\godgame2.pdb
c:\users\tobbe\desktop\godgame\godgame2\debug\godgame2.res
c:\users\tobbe\desktop\godgame\godgame2\debug\godgame2.vcxprojresolveassemblyreference.cache
c:\users\tobbe\desktop\godgame\godgame2\debug\godgame2.tlog\cl.command.1.tlog
c:\users\tobbe\desktop\godgame\godgame2\debug\godgame2.tlog\cl.read.1.tlog
c:\users\tobbe\desktop\godgame\godgame2\debug\godgame2.tlog\cl.write.1.tlog
c:\users\tobbe\desktop\godgame\godgame2\debug\godgame2.tlog\link.command.1.tlog
c:\users\tobbe\desktop\godgame\godgame2\debug\godgame2.tlog\link.read.1.tlog
c:\users\tobbe\desktop\godgame\godgame2\debug\godgame2.tlog\link.write.1.tlog
c:\users\tobbe\desktop\godgame\godgame2\debug\godgame2.tlog\rc.command.1.tlog
c:\users\tobbe\desktop\godgame\godgame2\debug\godgame2.tlog\rc.read.1.tlog
c:\users\tobbe\desktop\godgame\godgame2\debug\godgame2.tlog\rc.write.1.tlog
